<?xml version="1.0" encoding="UTF-8"?>
<!-- Generated by org.testng.reporters.JUnitXMLReporter -->
<testsuite ignored="0" hostname="Faruq" failures="0" tests="2" name="Default test" time="7.105" errors="0" timestamp="2023-09-04T20:36:55 EDT">
  <testcase classname="com.facebook.registrationTests.RegistrationTest" name="signUpTestForRahul" time="1.221"/>
  <testcase classname="com.facebook.registrationTests.RegistrationTest" name="signUpTestForIsrak" time="1.004"/>
</testsuite> <!-- Default test -->
