<?xml version="1.0" encoding="UTF-8"?>
<!-- Generated by org.testng.reporters.JUnitXMLReporter -->
<testsuite ignored="0" hostname="Faruq" failures="0" tests="3" name="Default test" time="6.489" errors="0" timestamp="2023-08-22T21:00:44 EDT">
  <testcase classname="com.facebook.loginTests.LoginTest" name="validLoginTest" time="0.223"/>
  <testcase classname="com.facebook.loginTests.LoginTest" name="invalidLoginTest" time="0.176"/>
  <testcase classname="com.facebook.loginTests.LoginTest" name="boundaryLoginTest" time="0.21"/>
</testsuite> <!-- Default test -->
