<?xml version="1.0" encoding="UTF-8"?>
<testng-results ignored="0" total="2" passed="2" failed="0" skipped="0">
  <reporter-output>
  </reporter-output>
  <suite started-at="2023-09-04T20:36:48 EDT" name="Default suite" finished-at="2023-09-04T20:36:55 EDT" duration-ms="7105">
    <groups>
      <group name="regression">
        <method signature="RegistrationTest.signUpTestForIsrak()[pri:2, instance:com.facebook.registrationTests.RegistrationTest@3349e9bb]" name="signUpTestForIsrak" class="com.facebook.registrationTests.RegistrationTest"/>
      </group> <!-- regression -->
      <group name="smoke">
        <method signature="RegistrationTest.signUpTestForRahul()[pri:1, instance:com.facebook.registrationTests.RegistrationTest@3349e9bb]" name="signUpTestForRahul" class="com.facebook.registrationTests.RegistrationTest"/>
      </group> <!-- smoke -->
    </groups>
    <test started-at="2023-09-04T20:36:48 EDT" name="Default test" finished-at="2023-09-04T20:36:55 EDT" duration-ms="7105">
      <class name="com.facebook.registrationTests.RegistrationTest">
        <test-method is-config="true" signature="openApplication()[pri:0, instance:com.facebook.registrationTests.RegistrationTest@3349e9bb]" started-at="2023-09-04T20:36:48 EDT" name="openApplication" finished-at="2023-09-04T20:36:50 EDT" duration-ms="2678" status="PASS">
          <reporter-output>
          </reporter-output>
        </test-method> <!-- openApplication -->
        <test-method signature="signUpTestForRahul()[pri:1, instance:com.facebook.registrationTests.RegistrationTest@3349e9bb]" started-at="2023-09-04T20:36:50 EDT" name="signUpTestForRahul" finished-at="2023-09-04T20:36:52 EDT" duration-ms="1221" status="PASS">
          <reporter-output>
          </reporter-output>
        </test-method> <!-- signUpTestForRahul -->
        <test-method is-config="true" signature="closeApplication()[pri:0, instance:com.facebook.registrationTests.RegistrationTest@3349e9bb]" started-at="2023-09-04T20:36:52 EDT" name="closeApplication" finished-at="2023-09-04T20:36:52 EDT" duration-ms="178" status="PASS">
          <reporter-output>
          </reporter-output>
        </test-method> <!-- closeApplication -->
        <test-method is-config="true" signature="openApplication()[pri:0, instance:com.facebook.registrationTests.RegistrationTest@3349e9bb]" started-at="2023-09-04T20:36:52 EDT" name="openApplication" finished-at="2023-09-04T20:36:54 EDT" duration-ms="1773" status="PASS">
          <reporter-output>
          </reporter-output>
        </test-method> <!-- openApplication -->
        <test-method signature="signUpTestForIsrak()[pri:2, instance:com.facebook.registrationTests.RegistrationTest@3349e9bb]" started-at="2023-09-04T20:36:54 EDT" name="signUpTestForIsrak" finished-at="2023-09-04T20:36:55 EDT" duration-ms="1004" status="PASS">
          <reporter-output>
          </reporter-output>
        </test-method> <!-- signUpTestForIsrak -->
        <test-method is-config="true" signature="closeApplication()[pri:0, instance:com.facebook.registrationTests.RegistrationTest@3349e9bb]" started-at="2023-09-04T20:36:55 EDT" name="closeApplication" finished-at="2023-09-04T20:36:55 EDT" duration-ms="202" status="PASS">
          <reporter-output>
          </reporter-output>
        </test-method> <!-- closeApplication -->
      </class> <!-- com.facebook.registrationTests.RegistrationTest -->
    </test> <!-- Default test -->
  </suite> <!-- Default suite -->
</testng-results>
